[GENESIS] type='GENESIS'
[BLOCK] type='BLOCK', index=0, proof=0, timestamp=1642957441.75295, transactions=0
[TRANSACTION] type='TRANSACTION', sender='0x0000000000', recipient='0x853563A0E5', amount=100
[TRANSACTION] type='TRANSACTION', sender='0x0000000000', recipient='0xEAE1E94AE4', amount=100
[TRANSACTION] type='TRANSACTION', sender='0x0000000000', recipient='0x1918485F35', amount=100
[MINING] type='MINING', miner_address='0x1918485F35', proof=29
[TRANSACTION] type='TRANSACTION', sender='0x0000000000', recipient='0x1918485F35', amount=0
[BLOCK] type='BLOCK', index=1, proof=29, timestamp=1642957441.7530615, transactions=4
[DIFFICULTY] type='DIFFICULTY', difficulty_type='INITIAL'
[TRANSACTION] type='TRANSACTION', sender='0x853563A0E5', recipient='0x853563A0E5', amount=9
[TRANSACTION] type='TRANSACTION', sender='0x1918485F35', recipient='0xEAE1E94AE4', amount=10
[TRANSACTION] type='TRANSACTION', sender='0x853563A0E5', recipient='0xEAE1E94AE4', amount=7
[TRANSACTION] type='TRANSACTION', sender='0x1918485F35', recipient='0xEAE1E94AE4', amount=9
[TRANSACTION] type='TRANSACTION', sender='0x1918485F35', recipient='0xEAE1E94AE4', amount=4
[MINING] type='MINING', miner_address='0x1918485F35', proof=2
[TRANSACTION] type='TRANSACTION', sender='0x0000000000', recipient='0x1918485F35', amount=0
[BLOCK] type='BLOCK', index=2, proof=2, timestamp=1642957441.7531216, transactions=6
[DIFFICULTY] type='DIFFICULTY', difficulty_type='STABLE', delta=0.0, new_difficulty=1
[MINING] type='MINING', miner_address='0x1918485F35', proof=15
[TRANSACTION] type='TRANSACTION', sender='0x0000000000', recipient='0x1918485F35', amount=0
[BLOCK] type='BLOCK', index=3, proof=15, timestamp=1642957441.7531781, transactions=1
[DIFFICULTY] type='DIFFICULTY', difficulty_type='STABLE', delta=0.0, new_difficulty=1
[MINING] type='MINING', miner_address='0x1918485F35', proof=14
[TRANSACTION] type='TRANSACTION', sender='0x0000000000', recipient='0x1918485F35', amount=0
[BLOCK] type='BLOCK', index=4, proof=14, timestamp=1642957441.7532225, transactions=1
[DIFFICULTY] type='DIFFICULTY', difficulty_type='STABLE', delta=0.0, new_difficulty=1
[MINING] type='MINING', miner_address='0x1918485F35', proof=27
[TRANSACTION] type='TRANSACTION', sender='0x0000000000', recipient='0x1918485F35', amount=0
[BLOCK] type='BLOCK', index=5, proof=27, timestamp=1642957441.7532818, transactions=1
[DIFFICULTY] type='DIFFICULTY', difficulty_type='STABLE', delta=0.0, new_difficulty=1
[MINING] type='MINING', miner_address='0x1918485F35', proof=3
[TRANSACTION] type='TRANSACTION', sender='0x0000000000', recipient='0x1918485F35', amount=0
[BLOCK] type='BLOCK', index=6, proof=3, timestamp=1642957441.7533073, transactions=1
[DIFFICULTY] type='DIFFICULTY', difficulty_type='STABLE', delta=0.0, new_difficulty=1
[MINING] type='MINING', miner_address='0x1918485F35', proof=0
[TRANSACTION] type='TRANSACTION', sender='0x0000000000', recipient='0x1918485F35', amount=0
[BLOCK] type='BLOCK', index=7, proof=0, timestamp=1642957441.7533288, transactions=1
[DIFFICULTY] type='DIFFICULTY', difficulty_type='STABLE', delta=0.0, new_difficulty=1
[MINING] type='MINING', miner_address='0x1918485F35', proof=29
[TRANSACTION] type='TRANSACTION', sender='0x0000000000', recipient='0x1918485F35', amount=0
[BLOCK] type='BLOCK', index=8, proof=29, timestamp=1642957441.7533886, transactions=1
[DIFFICULTY] type='DIFFICULTY', difficulty_type='STABLE', delta=0.0, new_difficulty=1